Started GET "/" for 127.0.0.1 at 2017-05-24 15:30:23 +0900
  
PG::ConnectionBad (could not connect to server: No such file or directory
	Is the server running locally and accepting
	connections on Unix domain socket "/tmp/.s.PGSQL.5432"?
):
  
pg (0.20.0) lib/pg.rb:56:in `initialize'
pg (0.20.0) lib/pg.rb:56:in `new'
pg (0.20.0) lib/pg.rb:56:in `connect'
activerecord (5.1.1) lib/active_record/connection_adapters/postgresql_adapter.rb:701:in `connect'
activerecord (5.1.1) lib/active_record/connection_adapters/postgresql_adapter.rb:220:in `initialize'
activerecord (5.1.1) lib/active_record/connection_adapters/postgresql_adapter.rb:38:in `new'
activerecord (5.1.1) lib/active_record/connection_adapters/postgresql_adapter.rb:38:in `postgresql_connection'
activerecord (5.1.1) lib/active_record/connection_adapters/abstract/connection_pool.rb:759:in `new_connection'
activerecord (5.1.1) lib/active_record/connection_adapters/abstract/connection_pool.rb:803:in `checkout_new_connection'
activerecord (5.1.1) lib/active_record/connection_adapters/abstract/connection_pool.rb:782:in `try_to_checkout_new_connection'
activerecord (5.1.1) lib/active_record/connection_adapters/abstract/connection_pool.rb:743:in `acquire_connection'
activerecord (5.1.1) lib/active_record/connection_adapters/abstract/connection_pool.rb:500:in `checkout'
activerecord (5.1.1) lib/active_record/connection_adapters/abstract/connection_pool.rb:374:in `connection'
activerecord (5.1.1) lib/active_record/connection_adapters/abstract/connection_pool.rb:931:in `retrieve_connection'
activerecord (5.1.1) lib/active_record/connection_handling.rb:116:in `retrieve_connection'
activerecord (5.1.1) lib/active_record/connection_handling.rb:88:in `connection'
activerecord (5.1.1) lib/active_record/migration.rb:562:in `connection'
activerecord (5.1.1) lib/active_record/migration.rb:553:in `call'
actionpack (5.1.1) lib/action_dispatch/middleware/callbacks.rb:26:in `block in call'
activesupport (5.1.1) lib/active_support/callbacks.rb:97:in `run_callbacks'
actionpack (5.1.1) lib/action_dispatch/middleware/callbacks.rb:24:in `call'
actionpack (5.1.1) lib/action_dispatch/middleware/executor.rb:12:in `call'
actionpack (5.1.1) lib/action_dispatch/middleware/debug_exceptions.rb:59:in `call'
web-console (3.5.1) lib/web_console/middleware.rb:135:in `call_app'
web-console (3.5.1) lib/web_console/middleware.rb:28:in `block in call'
web-console (3.5.1) lib/web_console/middleware.rb:18:in `catch'
web-console (3.5.1) lib/web_console/middleware.rb:18:in `call'
actionpack (5.1.1) lib/action_dispatch/middleware/show_exceptions.rb:31:in `call'
railties (5.1.1) lib/rails/rack/logger.rb:36:in `call_app'
railties (5.1.1) lib/rails/rack/logger.rb:24:in `block in call'
activesupport (5.1.1) lib/active_support/tagged_logging.rb:69:in `block in tagged'
activesupport (5.1.1) lib/active_support/tagged_logging.rb:26:in `tagged'
activesupport (5.1.1) lib/active_support/tagged_logging.rb:69:in `tagged'
railties (5.1.1) lib/rails/rack/logger.rb:24:in `call'
sprockets-rails (3.2.0) lib/sprockets/rails/quiet_assets.rb:13:in `call'
actionpack (5.1.1) lib/action_dispatch/middleware/remote_ip.rb:79:in `call'
actionpack (5.1.1) lib/action_dispatch/middleware/request_id.rb:25:in `call'
rack (2.0.3) lib/rack/method_override.rb:22:in `call'
rack (2.0.3) lib/rack/runtime.rb:22:in `call'
activesupport (5.1.1) lib/active_support/cache/strategy/local_cache_middleware.rb:27:in `call'
actionpack (5.1.1) lib/action_dispatch/middleware/executor.rb:12:in `call'
actionpack (5.1.1) lib/action_dispatch/middleware/static.rb:125:in `call'
rack (2.0.3) lib/rack/sendfile.rb:111:in `call'
railties (5.1.1) lib/rails/engine.rb:522:in `call'
puma (3.8.2) lib/puma/configuration.rb:224:in `call'
puma (3.8.2) lib/puma/server.rb:600:in `handle_request'
puma (3.8.2) lib/puma/server.rb:435:in `process_client'
puma (3.8.2) lib/puma/server.rb:299:in `block in run'
puma (3.8.2) lib/puma/thread_pool.rb:120:in `block in spawn_thread'
Started GET "/" for 127.0.0.1 at 2017-05-24 15:32:20 +0900
  
PG::ConnectionBad (could not connect to server: No such file or directory
	Is the server running locally and accepting
	connections on Unix domain socket "/tmp/.s.PGSQL.5432"?
):
  
pg (0.20.0) lib/pg.rb:56:in `initialize'
pg (0.20.0) lib/pg.rb:56:in `new'
pg (0.20.0) lib/pg.rb:56:in `connect'
activerecord (5.1.1) lib/active_record/connection_adapters/postgresql_adapter.rb:701:in `connect'
activerecord (5.1.1) lib/active_record/connection_adapters/postgresql_adapter.rb:220:in `initialize'
activerecord (5.1.1) lib/active_record/connection_adapters/postgresql_adapter.rb:38:in `new'
activerecord (5.1.1) lib/active_record/connection_adapters/postgresql_adapter.rb:38:in `postgresql_connection'
activerecord (5.1.1) lib/active_record/connection_adapters/abstract/connection_pool.rb:759:in `new_connection'
activerecord (5.1.1) lib/active_record/connection_adapters/abstract/connection_pool.rb:803:in `checkout_new_connection'
activerecord (5.1.1) lib/active_record/connection_adapters/abstract/connection_pool.rb:782:in `try_to_checkout_new_connection'
activerecord (5.1.1) lib/active_record/connection_adapters/abstract/connection_pool.rb:743:in `acquire_connection'
activerecord (5.1.1) lib/active_record/connection_adapters/abstract/connection_pool.rb:500:in `checkout'
activerecord (5.1.1) lib/active_record/connection_adapters/abstract/connection_pool.rb:374:in `connection'
activerecord (5.1.1) lib/active_record/connection_adapters/abstract/connection_pool.rb:931:in `retrieve_connection'
activerecord (5.1.1) lib/active_record/connection_handling.rb:116:in `retrieve_connection'
activerecord (5.1.1) lib/active_record/connection_handling.rb:88:in `connection'
activerecord (5.1.1) lib/active_record/migration.rb:562:in `connection'
activerecord (5.1.1) lib/active_record/migration.rb:553:in `call'
actionpack (5.1.1) lib/action_dispatch/middleware/callbacks.rb:26:in `block in call'
activesupport (5.1.1) lib/active_support/callbacks.rb:97:in `run_callbacks'
actionpack (5.1.1) lib/action_dispatch/middleware/callbacks.rb:24:in `call'
actionpack (5.1.1) lib/action_dispatch/middleware/executor.rb:12:in `call'
actionpack (5.1.1) lib/action_dispatch/middleware/debug_exceptions.rb:59:in `call'
web-console (3.5.1) lib/web_console/middleware.rb:135:in `call_app'
web-console (3.5.1) lib/web_console/middleware.rb:28:in `block in call'
web-console (3.5.1) lib/web_console/middleware.rb:18:in `catch'
web-console (3.5.1) lib/web_console/middleware.rb:18:in `call'
actionpack (5.1.1) lib/action_dispatch/middleware/show_exceptions.rb:31:in `call'
railties (5.1.1) lib/rails/rack/logger.rb:36:in `call_app'
railties (5.1.1) lib/rails/rack/logger.rb:24:in `block in call'
activesupport (5.1.1) lib/active_support/tagged_logging.rb:69:in `block in tagged'
activesupport (5.1.1) lib/active_support/tagged_logging.rb:26:in `tagged'
activesupport (5.1.1) lib/active_support/tagged_logging.rb:69:in `tagged'
railties (5.1.1) lib/rails/rack/logger.rb:24:in `call'
sprockets-rails (3.2.0) lib/sprockets/rails/quiet_assets.rb:13:in `call'
actionpack (5.1.1) lib/action_dispatch/middleware/remote_ip.rb:79:in `call'
actionpack (5.1.1) lib/action_dispatch/middleware/request_id.rb:25:in `call'
rack (2.0.3) lib/rack/method_override.rb:22:in `call'
rack (2.0.3) lib/rack/runtime.rb:22:in `call'
activesupport (5.1.1) lib/active_support/cache/strategy/local_cache_middleware.rb:27:in `call'
actionpack (5.1.1) lib/action_dispatch/middleware/executor.rb:12:in `call'
actionpack (5.1.1) lib/action_dispatch/middleware/static.rb:125:in `call'
rack (2.0.3) lib/rack/sendfile.rb:111:in `call'
railties (5.1.1) lib/rails/engine.rb:522:in `call'
puma (3.8.2) lib/puma/configuration.rb:224:in `call'
puma (3.8.2) lib/puma/server.rb:600:in `handle_request'
puma (3.8.2) lib/puma/server.rb:435:in `process_client'
puma (3.8.2) lib/puma/server.rb:299:in `block in run'
puma (3.8.2) lib/puma/thread_pool.rb:120:in `block in spawn_thread'
Started GET "/" for 127.0.0.1 at 2017-05-24 15:34:14 +0900
  
ActiveRecord::NoDatabaseError (FATAL:  database "sample_app_development" does not exist
):
  
activerecord (5.1.1) lib/active_record/connection_adapters/postgresql_adapter.rb:705:in `rescue in connect'
activerecord (5.1.1) lib/active_record/connection_adapters/postgresql_adapter.rb:701:in `connect'
activerecord (5.1.1) lib/active_record/connection_adapters/postgresql_adapter.rb:220:in `initialize'
activerecord (5.1.1) lib/active_record/connection_adapters/postgresql_adapter.rb:38:in `new'
activerecord (5.1.1) lib/active_record/connection_adapters/postgresql_adapter.rb:38:in `postgresql_connection'
activerecord (5.1.1) lib/active_record/connection_adapters/abstract/connection_pool.rb:759:in `new_connection'
activerecord (5.1.1) lib/active_record/connection_adapters/abstract/connection_pool.rb:803:in `checkout_new_connection'
activerecord (5.1.1) lib/active_record/connection_adapters/abstract/connection_pool.rb:782:in `try_to_checkout_new_connection'
activerecord (5.1.1) lib/active_record/connection_adapters/abstract/connection_pool.rb:743:in `acquire_connection'
activerecord (5.1.1) lib/active_record/connection_adapters/abstract/connection_pool.rb:500:in `checkout'
activerecord (5.1.1) lib/active_record/connection_adapters/abstract/connection_pool.rb:374:in `connection'
activerecord (5.1.1) lib/active_record/connection_adapters/abstract/connection_pool.rb:931:in `retrieve_connection'
activerecord (5.1.1) lib/active_record/connection_handling.rb:116:in `retrieve_connection'
activerecord (5.1.1) lib/active_record/connection_handling.rb:88:in `connection'
activerecord (5.1.1) lib/active_record/migration.rb:562:in `connection'
activerecord (5.1.1) lib/active_record/migration.rb:553:in `call'
actionpack (5.1.1) lib/action_dispatch/middleware/callbacks.rb:26:in `block in call'
activesupport (5.1.1) lib/active_support/callbacks.rb:97:in `run_callbacks'
actionpack (5.1.1) lib/action_dispatch/middleware/callbacks.rb:24:in `call'
actionpack (5.1.1) lib/action_dispatch/middleware/executor.rb:12:in `call'
actionpack (5.1.1) lib/action_dispatch/middleware/debug_exceptions.rb:59:in `call'
web-console (3.5.1) lib/web_console/middleware.rb:135:in `call_app'
web-console (3.5.1) lib/web_console/middleware.rb:28:in `block in call'
web-console (3.5.1) lib/web_console/middleware.rb:18:in `catch'
web-console (3.5.1) lib/web_console/middleware.rb:18:in `call'
actionpack (5.1.1) lib/action_dispatch/middleware/show_exceptions.rb:31:in `call'
railties (5.1.1) lib/rails/rack/logger.rb:36:in `call_app'
railties (5.1.1) lib/rails/rack/logger.rb:24:in `block in call'
activesupport (5.1.1) lib/active_support/tagged_logging.rb:69:in `block in tagged'
activesupport (5.1.1) lib/active_support/tagged_logging.rb:26:in `tagged'
activesupport (5.1.1) lib/active_support/tagged_logging.rb:69:in `tagged'
railties (5.1.1) lib/rails/rack/logger.rb:24:in `call'
sprockets-rails (3.2.0) lib/sprockets/rails/quiet_assets.rb:13:in `call'
actionpack (5.1.1) lib/action_dispatch/middleware/remote_ip.rb:79:in `call'
actionpack (5.1.1) lib/action_dispatch/middleware/request_id.rb:25:in `call'
rack (2.0.3) lib/rack/method_override.rb:22:in `call'
rack (2.0.3) lib/rack/runtime.rb:22:in `call'
activesupport (5.1.1) lib/active_support/cache/strategy/local_cache_middleware.rb:27:in `call'
actionpack (5.1.1) lib/action_dispatch/middleware/executor.rb:12:in `call'
actionpack (5.1.1) lib/action_dispatch/middleware/static.rb:125:in `call'
rack (2.0.3) lib/rack/sendfile.rb:111:in `call'
railties (5.1.1) lib/rails/engine.rb:522:in `call'
puma (3.8.2) lib/puma/configuration.rb:224:in `call'
puma (3.8.2) lib/puma/server.rb:600:in `handle_request'
puma (3.8.2) lib/puma/server.rb:435:in `process_client'
puma (3.8.2) lib/puma/server.rb:299:in `block in run'
puma (3.8.2) lib/puma/thread_pool.rb:120:in `block in spawn_thread'
  [1m[35m (7.2ms)[0m  [1m[35mCREATE TABLE "schema_migrations" ("version" character varying NOT NULL PRIMARY KEY)[0m
  [1m[35m (2.2ms)[0m  [1m[35mCREATE TABLE "ar_internal_metadata" ("key" character varying NOT NULL PRIMARY KEY, "value" character varying, "created_at" timestamp NOT NULL, "updated_at" timestamp NOT NULL)[0m
  [1m[35m (0.3ms)[0m  [1m[34mSELECT pg_try_advisory_lock(661840412039056215);[0m
  [1m[35m (0.4ms)[0m  [1m[34mSELECT "schema_migrations"."version" FROM "schema_migrations" ORDER BY "schema_migrations"."version" ASC[0m
Migrating to CreateComments (20170524061619)
  [1m[35m (0.2ms)[0m  [1m[35mBEGIN[0m
  [1m[35m (3.2ms)[0m  [1m[35mCREATE TABLE "comments" ("id" bigserial primary key, "author" character varying, "text" text, "created_at" timestamp NOT NULL, "updated_at" timestamp NOT NULL)[0m
  [1m[35mSQL (0.4ms)[0m  [1m[32mINSERT INTO "schema_migrations" ("version") VALUES ($1) RETURNING "version"[0m  [["version", "20170524061619"]]
  [1m[35m (0.3ms)[0m  [1m[35mCOMMIT[0m
  [1m[36mActiveRecord::InternalMetadata Load (0.3ms)[0m  [1m[34mSELECT  "ar_internal_metadata".* FROM "ar_internal_metadata" WHERE "ar_internal_metadata"."key" = $1 LIMIT $2[0m  [["key", "environment"], ["LIMIT", 1]]
  [1m[35m (0.1ms)[0m  [1m[35mBEGIN[0m
  [1m[35mSQL (0.6ms)[0m  [1m[32mINSERT INTO "ar_internal_metadata" ("key", "value", "created_at", "updated_at") VALUES ($1, $2, $3, $4) RETURNING "key"[0m  [["key", "environment"], ["value", "development"], ["created_at", "2017-05-24 06:35:06.101874"], ["updated_at", "2017-05-24 06:35:06.101874"]]
  [1m[35m (0.3ms)[0m  [1m[35mCOMMIT[0m
  [1m[35m (0.2ms)[0m  [1m[34mSELECT pg_advisory_unlock(661840412039056215)[0m
  [1m[35m (0.3ms)[0m  [1m[34mSELECT "schema_migrations"."version" FROM "schema_migrations" ORDER BY "schema_migrations"."version" ASC[0m
Started GET "/" for 127.0.0.1 at 2017-05-24 15:36:45 +0900
  [1m[35m (0.5ms)[0m  [1m[34mSELECT "schema_migrations"."version" FROM "schema_migrations" ORDER BY "schema_migrations"."version" ASC[0m
  
ActionController::RoutingError (uninitialized constant RootController):
  
activesupport (5.1.1) lib/active_support/inflector/methods.rb:269:in `const_get'
activesupport (5.1.1) lib/active_support/inflector/methods.rb:269:in `block in constantize'
activesupport (5.1.1) lib/active_support/inflector/methods.rb:267:in `each'
activesupport (5.1.1) lib/active_support/inflector/methods.rb:267:in `inject'
activesupport (5.1.1) lib/active_support/inflector/methods.rb:267:in `constantize'
actionpack (5.1.1) lib/action_dispatch/http/request.rb:82:in `controller_class'
actionpack (5.1.1) lib/action_dispatch/routing/route_set.rb:43:in `controller'
actionpack (5.1.1) lib/action_dispatch/routing/route_set.rb:29:in `serve'
actionpack (5.1.1) lib/action_dispatch/journey/router.rb:46:in `block in serve'
actionpack (5.1.1) lib/action_dispatch/journey/router.rb:33:in `each'
actionpack (5.1.1) lib/action_dispatch/journey/router.rb:33:in `serve'
actionpack (5.1.1) lib/action_dispatch/routing/route_set.rb:832:in `call'
rack (2.0.3) lib/rack/etag.rb:25:in `call'
rack (2.0.3) lib/rack/conditional_get.rb:25:in `call'
rack (2.0.3) lib/rack/head.rb:12:in `call'
rack (2.0.3) lib/rack/session/abstract/id.rb:232:in `context'
rack (2.0.3) lib/rack/session/abstract/id.rb:226:in `call'
actionpack (5.1.1) lib/action_dispatch/middleware/cookies.rb:613:in `call'
activerecord (5.1.1) lib/active_record/migration.rb:556:in `call'
actionpack (5.1.1) lib/action_dispatch/middleware/callbacks.rb:26:in `block in call'
activesupport (5.1.1) lib/active_support/callbacks.rb:97:in `run_callbacks'
actionpack (5.1.1) lib/action_dispatch/middleware/callbacks.rb:24:in `call'
actionpack (5.1.1) lib/action_dispatch/middleware/executor.rb:12:in `call'
actionpack (5.1.1) lib/action_dispatch/middleware/debug_exceptions.rb:59:in `call'
web-console (3.5.1) lib/web_console/middleware.rb:135:in `call_app'
web-console (3.5.1) lib/web_console/middleware.rb:28:in `block in call'
web-console (3.5.1) lib/web_console/middleware.rb:18:in `catch'
web-console (3.5.1) lib/web_console/middleware.rb:18:in `call'
actionpack (5.1.1) lib/action_dispatch/middleware/show_exceptions.rb:31:in `call'
railties (5.1.1) lib/rails/rack/logger.rb:36:in `call_app'
railties (5.1.1) lib/rails/rack/logger.rb:24:in `block in call'
activesupport (5.1.1) lib/active_support/tagged_logging.rb:69:in `block in tagged'
activesupport (5.1.1) lib/active_support/tagged_logging.rb:26:in `tagged'
activesupport (5.1.1) lib/active_support/tagged_logging.rb:69:in `tagged'
railties (5.1.1) lib/rails/rack/logger.rb:24:in `call'
sprockets-rails (3.2.0) lib/sprockets/rails/quiet_assets.rb:13:in `call'
actionpack (5.1.1) lib/action_dispatch/middleware/remote_ip.rb:79:in `call'
actionpack (5.1.1) lib/action_dispatch/middleware/request_id.rb:25:in `call'
rack (2.0.3) lib/rack/method_override.rb:22:in `call'
rack (2.0.3) lib/rack/runtime.rb:22:in `call'
activesupport (5.1.1) lib/active_support/cache/strategy/local_cache_middleware.rb:27:in `call'
actionpack (5.1.1) lib/action_dispatch/middleware/executor.rb:12:in `call'
actionpack (5.1.1) lib/action_dispatch/middleware/static.rb:125:in `call'
rack (2.0.3) lib/rack/sendfile.rb:111:in `call'
railties (5.1.1) lib/rails/engine.rb:522:in `call'
puma (3.8.2) lib/puma/configuration.rb:224:in `call'
puma (3.8.2) lib/puma/server.rb:600:in `handle_request'
puma (3.8.2) lib/puma/server.rb:435:in `process_client'
puma (3.8.2) lib/puma/server.rb:299:in `block in run'
puma (3.8.2) lib/puma/thread_pool.rb:120:in `block in spawn_thread'
Started GET "/" for 127.0.0.1 at 2017-05-24 15:41:34 +0900
  
ActionController::RoutingError (uninitialized constant RootController):
  
activesupport (5.1.1) lib/active_support/inflector/methods.rb:269:in `const_get'
activesupport (5.1.1) lib/active_support/inflector/methods.rb:269:in `block in constantize'
activesupport (5.1.1) lib/active_support/inflector/methods.rb:267:in `each'
activesupport (5.1.1) lib/active_support/inflector/methods.rb:267:in `inject'
activesupport (5.1.1) lib/active_support/inflector/methods.rb:267:in `constantize'
actionpack (5.1.1) lib/action_dispatch/http/request.rb:82:in `controller_class'
actionpack (5.1.1) lib/action_dispatch/routing/route_set.rb:43:in `controller'
actionpack (5.1.1) lib/action_dispatch/routing/route_set.rb:29:in `serve'
actionpack (5.1.1) lib/action_dispatch/journey/router.rb:46:in `block in serve'
actionpack (5.1.1) lib/action_dispatch/journey/router.rb:33:in `each'
actionpack (5.1.1) lib/action_dispatch/journey/router.rb:33:in `serve'
actionpack (5.1.1) lib/action_dispatch/routing/route_set.rb:832:in `call'
rack (2.0.3) lib/rack/etag.rb:25:in `call'
rack (2.0.3) lib/rack/conditional_get.rb:25:in `call'
rack (2.0.3) lib/rack/head.rb:12:in `call'
rack (2.0.3) lib/rack/session/abstract/id.rb:232:in `context'
rack (2.0.3) lib/rack/session/abstract/id.rb:226:in `call'
actionpack (5.1.1) lib/action_dispatch/middleware/cookies.rb:613:in `call'
activerecord (5.1.1) lib/active_record/migration.rb:556:in `call'
actionpack (5.1.1) lib/action_dispatch/middleware/callbacks.rb:26:in `block in call'
activesupport (5.1.1) lib/active_support/callbacks.rb:97:in `run_callbacks'
actionpack (5.1.1) lib/action_dispatch/middleware/callbacks.rb:24:in `call'
actionpack (5.1.1) lib/action_dispatch/middleware/executor.rb:12:in `call'
actionpack (5.1.1) lib/action_dispatch/middleware/debug_exceptions.rb:59:in `call'
web-console (3.5.1) lib/web_console/middleware.rb:135:in `call_app'
web-console (3.5.1) lib/web_console/middleware.rb:28:in `block in call'
web-console (3.5.1) lib/web_console/middleware.rb:18:in `catch'
web-console (3.5.1) lib/web_console/middleware.rb:18:in `call'
actionpack (5.1.1) lib/action_dispatch/middleware/show_exceptions.rb:31:in `call'
railties (5.1.1) lib/rails/rack/logger.rb:36:in `call_app'
railties (5.1.1) lib/rails/rack/logger.rb:24:in `block in call'
activesupport (5.1.1) lib/active_support/tagged_logging.rb:69:in `block in tagged'
activesupport (5.1.1) lib/active_support/tagged_logging.rb:26:in `tagged'
activesupport (5.1.1) lib/active_support/tagged_logging.rb:69:in `tagged'
railties (5.1.1) lib/rails/rack/logger.rb:24:in `call'
sprockets-rails (3.2.0) lib/sprockets/rails/quiet_assets.rb:13:in `call'
actionpack (5.1.1) lib/action_dispatch/middleware/remote_ip.rb:79:in `call'
actionpack (5.1.1) lib/action_dispatch/middleware/request_id.rb:25:in `call'
rack (2.0.3) lib/rack/method_override.rb:22:in `call'
rack (2.0.3) lib/rack/runtime.rb:22:in `call'
activesupport (5.1.1) lib/active_support/cache/strategy/local_cache_middleware.rb:27:in `call'
actionpack (5.1.1) lib/action_dispatch/middleware/executor.rb:12:in `call'
actionpack (5.1.1) lib/action_dispatch/middleware/static.rb:125:in `call'
rack (2.0.3) lib/rack/sendfile.rb:111:in `call'
railties (5.1.1) lib/rails/engine.rb:522:in `call'
puma (3.8.2) lib/puma/configuration.rb:224:in `call'
puma (3.8.2) lib/puma/server.rb:600:in `handle_request'
puma (3.8.2) lib/puma/server.rb:435:in `process_client'
puma (3.8.2) lib/puma/server.rb:299:in `block in run'
puma (3.8.2) lib/puma/thread_pool.rb:120:in `block in spawn_thread'
Started GET "/" for 127.0.0.1 at 2017-05-24 15:45:46 +0900
  [1m[35m (0.5ms)[0m  [1m[34mSELECT "schema_migrations"."version" FROM "schema_migrations" ORDER BY "schema_migrations"."version" ASC[0m
Processing by RootController#index as HTML
Completed 406 Not Acceptable in 48ms (ActiveRecord: 0.0ms)


  
ActionController::UnknownFormat (RootController#index is missing a template for this request format and variant.

request.formats: ["text/html"]
request.variant: []

NOTE! For XHR/Ajax or API requests, this action would normally respond with 204 No Content: an empty white screen. Since you're loading it in a web browser, we assume that you expected to actually render a template, not nothing, so we're showing an error to be extra-clear. If you expect 204 No Content, carry on. That's what you'll get from an XHR or API request. Give it a shot.):
  
actionpack (5.1.1) lib/action_controller/metal/implicit_render.rb:53:in `default_render'
actionpack (5.1.1) lib/action_controller/metal/basic_implicit_render.rb:4:in `block in send_action'
actionpack (5.1.1) lib/action_controller/metal/basic_implicit_render.rb:4:in `tap'
actionpack (5.1.1) lib/action_controller/metal/basic_implicit_render.rb:4:in `send_action'
actionpack (5.1.1) lib/abstract_controller/base.rb:186:in `process_action'
actionpack (5.1.1) lib/action_controller/metal/rendering.rb:30:in `process_action'
actionpack (5.1.1) lib/abstract_controller/callbacks.rb:20:in `block in process_action'
activesupport (5.1.1) lib/active_support/callbacks.rb:131:in `run_callbacks'
actionpack (5.1.1) lib/abstract_controller/callbacks.rb:19:in `process_action'
actionpack (5.1.1) lib/action_controller/metal/rescue.rb:20:in `process_action'
actionpack (5.1.1) lib/action_controller/metal/instrumentation.rb:32:in `block in process_action'
activesupport (5.1.1) lib/active_support/notifications.rb:166:in `block in instrument'
activesupport (5.1.1) lib/active_support/notifications/instrumenter.rb:21:in `instrument'
activesupport (5.1.1) lib/active_support/notifications.rb:166:in `instrument'
actionpack (5.1.1) lib/action_controller/metal/instrumentation.rb:30:in `process_action'
actionpack (5.1.1) lib/action_controller/metal/params_wrapper.rb:252:in `process_action'
activerecord (5.1.1) lib/active_record/railties/controller_runtime.rb:22:in `process_action'
actionpack (5.1.1) lib/abstract_controller/base.rb:124:in `process'
actionview (5.1.1) lib/action_view/rendering.rb:30:in `process'
actionpack (5.1.1) lib/action_controller/metal.rb:189:in `dispatch'
actionpack (5.1.1) lib/action_controller/metal.rb:253:in `dispatch'
actionpack (5.1.1) lib/action_dispatch/routing/route_set.rb:49:in `dispatch'
actionpack (5.1.1) lib/action_dispatch/routing/route_set.rb:31:in `serve'
actionpack (5.1.1) lib/action_dispatch/journey/router.rb:46:in `block in serve'
actionpack (5.1.1) lib/action_dispatch/journey/router.rb:33:in `each'
actionpack (5.1.1) lib/action_dispatch/journey/router.rb:33:in `serve'
actionpack (5.1.1) lib/action_dispatch/routing/route_set.rb:832:in `call'
rack (2.0.3) lib/rack/etag.rb:25:in `call'
rack (2.0.3) lib/rack/conditional_get.rb:25:in `call'
rack (2.0.3) lib/rack/head.rb:12:in `call'
rack (2.0.3) lib/rack/session/abstract/id.rb:232:in `context'
rack (2.0.3) lib/rack/session/abstract/id.rb:226:in `call'
actionpack (5.1.1) lib/action_dispatch/middleware/cookies.rb:613:in `call'
activerecord (5.1.1) lib/active_record/migration.rb:556:in `call'
actionpack (5.1.1) lib/action_dispatch/middleware/callbacks.rb:26:in `block in call'
activesupport (5.1.1) lib/active_support/callbacks.rb:97:in `run_callbacks'
actionpack (5.1.1) lib/action_dispatch/middleware/callbacks.rb:24:in `call'
actionpack (5.1.1) lib/action_dispatch/middleware/executor.rb:12:in `call'
actionpack (5.1.1) lib/action_dispatch/middleware/debug_exceptions.rb:59:in `call'
web-console (3.5.1) lib/web_console/middleware.rb:135:in `call_app'
web-console (3.5.1) lib/web_console/middleware.rb:28:in `block in call'
web-console (3.5.1) lib/web_console/middleware.rb:18:in `catch'
web-console (3.5.1) lib/web_console/middleware.rb:18:in `call'
actionpack (5.1.1) lib/action_dispatch/middleware/show_exceptions.rb:31:in `call'
railties (5.1.1) lib/rails/rack/logger.rb:36:in `call_app'
railties (5.1.1) lib/rails/rack/logger.rb:24:in `block in call'
activesupport (5.1.1) lib/active_support/tagged_logging.rb:69:in `block in tagged'
activesupport (5.1.1) lib/active_support/tagged_logging.rb:26:in `tagged'
activesupport (5.1.1) lib/active_support/tagged_logging.rb:69:in `tagged'
railties (5.1.1) lib/rails/rack/logger.rb:24:in `call'
sprockets-rails (3.2.0) lib/sprockets/rails/quiet_assets.rb:13:in `call'
actionpack (5.1.1) lib/action_dispatch/middleware/remote_ip.rb:79:in `call'
actionpack (5.1.1) lib/action_dispatch/middleware/request_id.rb:25:in `call'
rack (2.0.3) lib/rack/method_override.rb:22:in `call'
rack (2.0.3) lib/rack/runtime.rb:22:in `call'
activesupport (5.1.1) lib/active_support/cache/strategy/local_cache_middleware.rb:27:in `call'
actionpack (5.1.1) lib/action_dispatch/middleware/executor.rb:12:in `call'
actionpack (5.1.1) lib/action_dispatch/middleware/static.rb:125:in `call'
rack (2.0.3) lib/rack/sendfile.rb:111:in `call'
railties (5.1.1) lib/rails/engine.rb:522:in `call'
puma (3.8.2) lib/puma/configuration.rb:224:in `call'
puma (3.8.2) lib/puma/server.rb:600:in `handle_request'
puma (3.8.2) lib/puma/server.rb:435:in `process_client'
puma (3.8.2) lib/puma/server.rb:299:in `block in run'
puma (3.8.2) lib/puma/thread_pool.rb:120:in `block in spawn_thread'
Started GET "/" for 127.0.0.1 at 2017-05-24 15:46:43 +0900
  [1m[35m (0.8ms)[0m  [1m[34mSELECT "schema_migrations"."version" FROM "schema_migrations" ORDER BY "schema_migrations"."version" ASC[0m
Processing by RootController#index as HTML
  Rendering root/index.erb within layouts/application
  Rendered root/index.erb within layouts/application (3.6ms)
Completed 500 Internal Server Error in 19ms (ActiveRecord: 0.0ms)


  
ActionView::Template::Error (Can't find comments/style.css in /Users/hirai.takayuki/trial_0524/sample_app/public/packs/manifest.json. Is webpack still compiling?):
    1: <%= stylesheet_pack_tag 'comments/style' %>
    2: <div id="root"></div>
    3: <%= javascript_pack_tag 'comments/index' %>
  
app/views/root/index.erb:1:in `_app_views_root_index_erb___4487308517448277891_70203746486720'
Started GET "/" for 127.0.0.1 at 2017-05-24 15:52:26 +0900
  [1m[35m (0.5ms)[0m  [1m[34mSELECT "schema_migrations"."version" FROM "schema_migrations" ORDER BY "schema_migrations"."version" ASC[0m
Processing by RootController#index as HTML
  Rendering root/index.erb within layouts/application
  Rendered root/index.erb within layouts/application (4.4ms)
Completed 500 Internal Server Error in 18ms (ActiveRecord: 0.0ms)


  
ActionView::Template::Error (Can't find comments/style.css in /Users/hirai.takayuki/trial_0524/sample_app/public/packs/manifest.json. Is webpack still compiling?):
    1: <%= stylesheet_pack_tag 'comments/style' %>
    2: <div id="root"></div>
    3: <%= javascript_pack_tag 'comments/index' %>
  
app/views/root/index.erb:1:in `_app_views_root_index_erb__2963469236978791119_70177503020060'
Started GET "/" for 127.0.0.1 at 2017-05-24 15:57:41 +0900
  [1m[35m (0.6ms)[0m  [1m[34mSELECT "schema_migrations"."version" FROM "schema_migrations" ORDER BY "schema_migrations"."version" ASC[0m
Processing by RootController#index as HTML
  Rendering root/index.erb within layouts/application
  Rendered root/index.erb within layouts/application (7.1ms)
Completed 500 Internal Server Error in 20ms (ActiveRecord: 0.0ms)


  
ActionView::Template::Error (Can't find comments/style.css in /Users/hirai.takayuki/trial_0524/sample_app/public/packs/manifest.json. Is webpack still compiling?):
    1: <%= stylesheet_pack_tag 'comments/style' %>
    2: <div id="root"></div>
    3: <%= javascript_pack_tag 'comments/index' %>
  
app/views/root/index.erb:1:in `_app_views_root_index_erb___1094406816538966313_70321943084380'
Started GET "/" for 127.0.0.1 at 2017-05-24 15:57:45 +0900
Processing by RootController#index as HTML
  Rendering root/index.erb within layouts/application
  Rendered root/index.erb within layouts/application (4.6ms)
Completed 500 Internal Server Error in 9ms (ActiveRecord: 0.0ms)


  
ActionView::Template::Error (Can't find comments/style.css in /Users/hirai.takayuki/trial_0524/sample_app/public/packs/manifest.json. Is webpack still compiling?):
    1: <%= stylesheet_pack_tag 'comments/style' %>
    2: <div id="root"></div>
    3: <%= javascript_pack_tag 'comments/index' %>
  
app/views/root/index.erb:1:in `_app_views_root_index_erb___1094406816538966313_70321938036020'
Started GET "/" for 127.0.0.1 at 2017-05-24 15:57:52 +0900
Processing by RootController#index as HTML
  Rendering root/index.erb within layouts/application
  Rendered root/index.erb within layouts/application (8.7ms)
Completed 500 Internal Server Error in 16ms (ActiveRecord: 0.0ms)


  
ActionView::Template::Error (Can't find comments/style.css in /Users/hirai.takayuki/trial_0524/sample_app/public/packs/manifest.json. Is webpack still compiling?):
    1: <%= stylesheet_pack_tag 'comments/style' %>
    2: <div id="root"></div>
    3: <%= javascript_pack_tag 'comments/index' %>
  
app/views/root/index.erb:1:in `_app_views_root_index_erb___1094406816538966313_70321986775220'
Started GET "/" for 127.0.0.1 at 2017-05-24 16:06:28 +0900
  [1m[35m (0.8ms)[0m  [1m[34mSELECT "schema_migrations"."version" FROM "schema_migrations" ORDER BY "schema_migrations"."version" ASC[0m
Processing by RootController#index as HTML
  Rendering root/index.erb within layouts/application
  Rendered root/index.erb within layouts/application (160.1ms)
Completed 200 OK in 1219ms (Views: 1211.1ms | ActiveRecord: 0.0ms)


Started GET "/" for 127.0.0.1 at 2017-05-24 16:06:34 +0900
Processing by RootController#index as HTML
  Rendering root/index.erb within layouts/application
  Rendered root/index.erb within layouts/application (4.7ms)
Completed 200 OK in 21ms (Views: 18.7ms | ActiveRecord: 0.0ms)


Started GET "/" for 127.0.0.1 at 2017-05-24 16:10:43 +0900
  [1m[35m (0.5ms)[0m  [1m[34mSELECT "schema_migrations"."version" FROM "schema_migrations" ORDER BY "schema_migrations"."version" ASC[0m
Processing by RootController#index as HTML
  Rendering root/index.erb within layouts/application
  Rendered root/index.erb within layouts/application (163.2ms)
Completed 200 OK in 989ms (Views: 979.6ms | ActiveRecord: 0.0ms)


Started GET "/" for 127.0.0.1 at 2017-05-24 16:23:10 +0900
  [1m[35m (0.8ms)[0m  [1m[34mSELECT "schema_migrations"."version" FROM "schema_migrations" ORDER BY "schema_migrations"."version" ASC[0m
Processing by RootController#index as HTML
  Rendering root/index.erb within layouts/application
  Rendered root/index.erb within layouts/application (191.5ms)
Completed 200 OK in 1083ms (Views: 1074.3ms | ActiveRecord: 0.0ms)


Started GET "/api/comments" for 127.0.0.1 at 2017-05-24 16:23:11 +0900
Processing by Api::CommentsController#index as HTML
  [1m[36mComment Load (2.4ms)[0m  [1m[34mSELECT "comments".* FROM "comments"[0m
Completed 200 OK in 51ms (Views: 0.2ms | ActiveRecord: 13.1ms)


Started GET "/api/comments" for 127.0.0.1 at 2017-05-24 16:23:13 +0900
Processing by Api::CommentsController#index as HTML
  [1m[36mComment Load (0.3ms)[0m  [1m[34mSELECT "comments".* FROM "comments"[0m
Completed 200 OK in 2ms (Views: 0.1ms | ActiveRecord: 0.3ms)


Started GET "/api/comments" for 127.0.0.1 at 2017-05-24 16:23:15 +0900
Processing by Api::CommentsController#index as HTML
  [1m[36mComment Load (0.2ms)[0m  [1m[34mSELECT "comments".* FROM "comments"[0m
Completed 200 OK in 2ms (Views: 0.1ms | ActiveRecord: 0.2ms)


Started POST "/api/comments" for 127.0.0.1 at 2017-05-24 16:23:17 +0900
Processing by Api::CommentsController#create as HTML
  Parameters: {"author"=>"hirai", "text"=>"say", "id"=>1495610597287, "comment"=>{"id"=>1495610597287, "author"=>"hirai", "text"=>"say"}}
Unpermitted parameters: :id, :comment
  [1m[35m (0.2ms)[0m  [1m[35mBEGIN[0m
  [1m[35mSQL (2.5ms)[0m  [1m[32mINSERT INTO "comments" ("author", "text", "created_at", "updated_at") VALUES ($1, $2, $3, $4) RETURNING "id"[0m  [["author", "hirai"], ["text", "say"], ["created_at", "2017-05-24 07:23:17.321997"], ["updated_at", "2017-05-24 07:23:17.321997"]]
  [1m[35m (1.0ms)[0m  [1m[35mCOMMIT[0m
Completed 200 OK in 25ms (Views: 0.3ms | ActiveRecord: 12.9ms)


Started GET "/api/comments" for 127.0.0.1 at 2017-05-24 16:23:17 +0900
Processing by Api::CommentsController#index as HTML
  [1m[36mComment Load (0.8ms)[0m  [1m[34mSELECT "comments".* FROM "comments"[0m
Completed 200 OK in 3ms (Views: 0.1ms | ActiveRecord: 0.8ms)


Started GET "/api/comments" for 127.0.0.1 at 2017-05-24 16:23:19 +0900
Processing by Api::CommentsController#index as HTML
  [1m[36mComment Load (0.3ms)[0m  [1m[34mSELECT "comments".* FROM "comments"[0m
Completed 200 OK in 2ms (Views: 0.1ms | ActiveRecord: 0.3ms)


Started GET "/api/comments" for 127.0.0.1 at 2017-05-24 16:23:21 +0900
Processing by Api::CommentsController#index as HTML
  [1m[36mComment Load (0.2ms)[0m  [1m[34mSELECT "comments".* FROM "comments"[0m
Completed 200 OK in 2ms (Views: 0.1ms | ActiveRecord: 0.2ms)


Started GET "/api/comments" for 127.0.0.1 at 2017-05-24 16:23:23 +0900
Processing by Api::CommentsController#index as HTML
  [1m[36mComment Load (0.3ms)[0m  [1m[34mSELECT "comments".* FROM "comments"[0m
Completed 200 OK in 2ms (Views: 0.1ms | ActiveRecord: 0.3ms)


Started GET "/api/comments" for 127.0.0.1 at 2017-05-24 16:23:25 +0900
Processing by Api::CommentsController#index as HTML
  [1m[36mComment Load (0.3ms)[0m  [1m[34mSELECT "comments".* FROM "comments"[0m
Completed 200 OK in 2ms (Views: 0.2ms | ActiveRecord: 0.3ms)


Started GET "/api/comments" for 127.0.0.1 at 2017-05-24 16:23:27 +0900
Processing by Api::CommentsController#index as HTML
  [1m[36mComment Load (0.2ms)[0m  [1m[34mSELECT "comments".* FROM "comments"[0m
Completed 200 OK in 2ms (Views: 0.1ms | ActiveRecord: 0.2ms)


Started GET "/api/comments" for 127.0.0.1 at 2017-05-24 16:23:29 +0900
Processing by Api::CommentsController#index as HTML
  [1m[36mComment Load (0.2ms)[0m  [1m[34mSELECT "comments".* FROM "comments"[0m
Completed 200 OK in 2ms (Views: 0.1ms | ActiveRecord: 0.2ms)


Started GET "/api/comments" for 127.0.0.1 at 2017-05-24 16:23:31 +0900
Processing by Api::CommentsController#index as HTML
  [1m[36mComment Load (0.2ms)[0m  [1m[34mSELECT "comments".* FROM "comments"[0m
Completed 200 OK in 2ms (Views: 0.1ms | ActiveRecord: 0.2ms)


Started GET "/api/comments" for 127.0.0.1 at 2017-05-24 16:23:33 +0900
Processing by Api::CommentsController#index as HTML
  [1m[36mComment Load (0.2ms)[0m  [1m[34mSELECT "comments".* FROM "comments"[0m
Completed 200 OK in 2ms (Views: 0.1ms | ActiveRecord: 0.2ms)


Started GET "/api/comments" for 127.0.0.1 at 2017-05-24 16:23:35 +0900
Processing by Api::CommentsController#index as HTML
  [1m[36mComment Load (0.2ms)[0m  [1m[34mSELECT "comments".* FROM "comments"[0m
Completed 200 OK in 2ms (Views: 0.1ms | ActiveRecord: 0.2ms)


Started GET "/api/comments" for 127.0.0.1 at 2017-05-24 16:23:37 +0900
Processing by Api::CommentsController#index as HTML
  [1m[36mComment Load (0.2ms)[0m  [1m[34mSELECT "comments".* FROM "comments"[0m
Completed 200 OK in 2ms (Views: 0.1ms | ActiveRecord: 0.2ms)


Started GET "/api/comments" for 127.0.0.1 at 2017-05-24 16:23:39 +0900
Processing by Api::CommentsController#index as HTML
  [1m[36mComment Load (0.3ms)[0m  [1m[34mSELECT "comments".* FROM "comments"[0m
Completed 200 OK in 2ms (Views: 0.1ms | ActiveRecord: 0.3ms)


Started GET "/api/comments" for 127.0.0.1 at 2017-05-24 16:23:41 +0900
Processing by Api::CommentsController#index as HTML
  [1m[36mComment Load (0.2ms)[0m  [1m[34mSELECT "comments".* FROM "comments"[0m
Completed 200 OK in 2ms (Views: 0.1ms | ActiveRecord: 0.2ms)


Started GET "/api/comments" for 127.0.0.1 at 2017-05-24 16:23:43 +0900
Processing by Api::CommentsController#index as HTML
  [1m[36mComment Load (0.2ms)[0m  [1m[34mSELECT "comments".* FROM "comments"[0m
Completed 200 OK in 2ms (Views: 0.1ms | ActiveRecord: 0.2ms)


Started GET "/api/comments" for 127.0.0.1 at 2017-05-24 16:23:45 +0900
Processing by Api::CommentsController#index as HTML
  [1m[36mComment Load (0.2ms)[0m  [1m[34mSELECT "comments".* FROM "comments"[0m
Completed 200 OK in 2ms (Views: 0.1ms | ActiveRecord: 0.2ms)


Started GET "/api/comments" for 127.0.0.1 at 2017-05-24 16:23:47 +0900
Processing by Api::CommentsController#index as HTML
  [1m[36mComment Load (0.2ms)[0m  [1m[34mSELECT "comments".* FROM "comments"[0m
Completed 200 OK in 2ms (Views: 0.1ms | ActiveRecord: 0.2ms)


Started GET "/api/comments" for 127.0.0.1 at 2017-05-24 16:23:49 +0900
Processing by Api::CommentsController#index as HTML
  [1m[36mComment Load (0.3ms)[0m  [1m[34mSELECT "comments".* FROM "comments"[0m
Completed 200 OK in 2ms (Views: 0.2ms | ActiveRecord: 0.3ms)


Started GET "/api/comments" for 127.0.0.1 at 2017-05-24 16:23:52 +0900
Processing by Api::CommentsController#index as HTML
  [1m[36mComment Load (0.2ms)[0m  [1m[34mSELECT "comments".* FROM "comments"[0m
Completed 200 OK in 2ms (Views: 0.1ms | ActiveRecord: 0.2ms)


Started GET "/api/comments" for 127.0.0.1 at 2017-05-24 16:23:53 +0900
Processing by Api::CommentsController#index as HTML
  [1m[36mComment Load (0.2ms)[0m  [1m[34mSELECT "comments".* FROM "comments"[0m
Completed 200 OK in 2ms (Views: 0.1ms | ActiveRecord: 0.2ms)


Started GET "/api/comments" for 127.0.0.1 at 2017-05-24 16:23:55 +0900
Processing by Api::CommentsController#index as HTML
  [1m[36mComment Load (0.3ms)[0m  [1m[34mSELECT "comments".* FROM "comments"[0m
Completed 200 OK in 2ms (Views: 0.1ms | ActiveRecord: 0.3ms)


Started GET "/api/comments" for 127.0.0.1 at 2017-05-24 16:23:58 +0900
Processing by Api::CommentsController#index as HTML
  [1m[36mComment Load (0.2ms)[0m  [1m[34mSELECT "comments".* FROM "comments"[0m
Completed 200 OK in 2ms (Views: 0.1ms | ActiveRecord: 0.2ms)


Started GET "/api/comments" for 127.0.0.1 at 2017-05-24 16:23:59 +0900
Processing by Api::CommentsController#index as HTML
  [1m[36mComment Load (0.2ms)[0m  [1m[34mSELECT "comments".* FROM "comments"[0m
Completed 200 OK in 2ms (Views: 0.1ms | ActiveRecord: 0.2ms)


Started GET "/api/comments" for 127.0.0.1 at 2017-05-24 16:24:02 +0900
Processing by Api::CommentsController#index as HTML
  [1m[36mComment Load (0.2ms)[0m  [1m[34mSELECT "comments".* FROM "comments"[0m
Completed 200 OK in 2ms (Views: 0.1ms | ActiveRecord: 0.2ms)


Started GET "/api/comments" for 127.0.0.1 at 2017-05-24 16:24:03 +0900
Processing by Api::CommentsController#index as HTML
  [1m[36mComment Load (0.2ms)[0m  [1m[34mSELECT "comments".* FROM "comments"[0m
Completed 200 OK in 2ms (Views: 0.1ms | ActiveRecord: 0.2ms)


Started GET "/api/comments" for 127.0.0.1 at 2017-05-24 16:24:05 +0900
Processing by Api::CommentsController#index as HTML
  [1m[36mComment Load (0.2ms)[0m  [1m[34mSELECT "comments".* FROM "comments"[0m
Completed 200 OK in 2ms (Views: 0.1ms | ActiveRecord: 0.2ms)


Started GET "/api/comments" for 127.0.0.1 at 2017-05-24 16:24:07 +0900
Processing by Api::CommentsController#index as HTML
  [1m[36mComment Load (0.2ms)[0m  [1m[34mSELECT "comments".* FROM "comments"[0m
Completed 200 OK in 2ms (Views: 0.1ms | ActiveRecord: 0.2ms)


Started GET "/api/comments" for 127.0.0.1 at 2017-05-24 16:24:09 +0900
Processing by Api::CommentsController#index as HTML
  [1m[36mComment Load (0.3ms)[0m  [1m[34mSELECT "comments".* FROM "comments"[0m
Completed 200 OK in 2ms (Views: 0.1ms | ActiveRecord: 0.3ms)


Started GET "/api/comments" for 127.0.0.1 at 2017-05-24 16:24:11 +0900
Processing by Api::CommentsController#index as HTML
  [1m[36mComment Load (0.3ms)[0m  [1m[34mSELECT "comments".* FROM "comments"[0m
Completed 200 OK in 2ms (Views: 0.1ms | ActiveRecord: 0.3ms)


Started GET "/api/comments" for 127.0.0.1 at 2017-05-24 16:24:13 +0900
Processing by Api::CommentsController#index as HTML
  [1m[36mComment Load (0.2ms)[0m  [1m[34mSELECT "comments".* FROM "comments"[0m
Completed 200 OK in 2ms (Views: 0.1ms | ActiveRecord: 0.2ms)


Started GET "/api/comments" for 127.0.0.1 at 2017-05-24 16:24:15 +0900
Processing by Api::CommentsController#index as HTML
  [1m[36mComment Load (0.3ms)[0m  [1m[34mSELECT "comments".* FROM "comments"[0m
Completed 200 OK in 2ms (Views: 0.1ms | ActiveRecord: 0.3ms)


Started GET "/api/comments" for 127.0.0.1 at 2017-05-24 16:24:17 +0900
Processing by Api::CommentsController#index as HTML
  [1m[36mComment Load (0.2ms)[0m  [1m[34mSELECT "comments".* FROM "comments"[0m
Completed 200 OK in 2ms (Views: 0.1ms | ActiveRecord: 0.2ms)


Started GET "/api/comments" for 127.0.0.1 at 2017-05-24 16:24:19 +0900
Processing by Api::CommentsController#index as HTML
  [1m[36mComment Load (0.2ms)[0m  [1m[34mSELECT "comments".* FROM "comments"[0m
Completed 200 OK in 2ms (Views: 0.1ms | ActiveRecord: 0.2ms)


Started GET "/api/comments" for 127.0.0.1 at 2017-05-24 16:24:21 +0900
Processing by Api::CommentsController#index as HTML
  [1m[36mComment Load (0.4ms)[0m  [1m[34mSELECT "comments".* FROM "comments"[0m
Completed 200 OK in 4ms (Views: 0.2ms | ActiveRecord: 0.4ms)


Started GET "/api/comments" for 127.0.0.1 at 2017-05-24 16:24:23 +0900
Processing by Api::CommentsController#index as HTML
  [1m[36mComment Load (0.4ms)[0m  [1m[34mSELECT "comments".* FROM "comments"[0m
Completed 200 OK in 7ms (Views: 0.2ms | ActiveRecord: 0.4ms)


Started GET "/api/comments" for 127.0.0.1 at 2017-05-24 16:24:25 +0900
Processing by Api::CommentsController#index as HTML
  [1m[36mComment Load (0.3ms)[0m  [1m[34mSELECT "comments".* FROM "comments"[0m
Completed 200 OK in 3ms (Views: 0.1ms | ActiveRecord: 0.3ms)


Started GET "/api/comments" for 127.0.0.1 at 2017-05-24 16:24:27 +0900
Processing by Api::CommentsController#index as HTML
  [1m[36mComment Load (0.3ms)[0m  [1m[34mSELECT "comments".* FROM "comments"[0m
Completed 200 OK in 3ms (Views: 0.1ms | ActiveRecord: 0.3ms)


Started GET "/api/comments" for 127.0.0.1 at 2017-05-24 16:24:29 +0900
Processing by Api::CommentsController#index as HTML
  [1m[36mComment Load (0.3ms)[0m  [1m[34mSELECT "comments".* FROM "comments"[0m
Completed 200 OK in 4ms (Views: 0.1ms | ActiveRecord: 0.3ms)


Started GET "/api/comments" for 127.0.0.1 at 2017-05-24 16:24:31 +0900
Processing by Api::CommentsController#index as HTML
  [1m[36mComment Load (0.7ms)[0m  [1m[34mSELECT "comments".* FROM "comments"[0m
Completed 200 OK in 11ms (Views: 0.1ms | ActiveRecord: 0.7ms)


Started GET "/api/comments" for 127.0.0.1 at 2017-05-24 16:24:33 +0900
Processing by Api::CommentsController#index as HTML
  [1m[36mComment Load (0.2ms)[0m  [1m[34mSELECT "comments".* FROM "comments"[0m
Completed 200 OK in 5ms (Views: 0.1ms | ActiveRecord: 0.2ms)


Started GET "/api/comments" for 127.0.0.1 at 2017-05-24 16:24:35 +0900
Processing by Api::CommentsController#index as HTML
  [1m[36mComment Load (0.2ms)[0m  [1m[34mSELECT "comments".* FROM "comments"[0m
Completed 200 OK in 4ms (Views: 0.1ms | ActiveRecord: 0.2ms)


Started GET "/api/comments" for 127.0.0.1 at 2017-05-24 16:24:37 +0900
Processing by Api::CommentsController#index as HTML
  [1m[36mComment Load (0.9ms)[0m  [1m[34mSELECT "comments".* FROM "comments"[0m
Completed 200 OK in 4ms (Views: 0.1ms | ActiveRecord: 0.9ms)


Started GET "/api/comments" for 127.0.0.1 at 2017-05-24 16:24:39 +0900
Processing by Api::CommentsController#index as HTML
  [1m[36mComment Load (0.3ms)[0m  [1m[34mSELECT "comments".* FROM "comments"[0m
Completed 200 OK in 8ms (Views: 0.1ms | ActiveRecord: 0.3ms)


Started GET "/api/comments" for 127.0.0.1 at 2017-05-24 16:24:41 +0900
Processing by Api::CommentsController#index as HTML
  [1m[36mComment Load (0.7ms)[0m  [1m[34mSELECT "comments".* FROM "comments"[0m
Completed 200 OK in 5ms (Views: 0.3ms | ActiveRecord: 0.7ms)


Started GET "/api/comments" for 127.0.0.1 at 2017-05-24 16:24:44 +0900
Processing by Api::CommentsController#index as HTML
  [1m[36mComment Load (0.2ms)[0m  [1m[34mSELECT "comments".* FROM "comments"[0m
Completed 200 OK in 2ms (Views: 0.1ms | ActiveRecord: 0.2ms)


Started GET "/api/comments" for 127.0.0.1 at 2017-05-24 16:24:46 +0900
Processing by Api::CommentsController#index as HTML
  [1m[36mComment Load (0.2ms)[0m  [1m[34mSELECT "comments".* FROM "comments"[0m
Completed 200 OK in 4ms (Views: 0.1ms | ActiveRecord: 0.2ms)


Started GET "/api/comments" for 127.0.0.1 at 2017-05-24 16:24:47 +0900
Processing by Api::CommentsController#index as HTML
  [1m[36mComment Load (0.2ms)[0m  [1m[34mSELECT "comments".* FROM "comments"[0m
Completed 200 OK in 9ms (Views: 0.1ms | ActiveRecord: 0.2ms)


Started GET "/api/comments" for 127.0.0.1 at 2017-05-24 16:24:49 +0900
Processing by Api::CommentsController#index as HTML
  [1m[36mComment Load (0.2ms)[0m  [1m[34mSELECT "comments".* FROM "comments"[0m
Completed 200 OK in 2ms (Views: 0.1ms | ActiveRecord: 0.2ms)


Started GET "/api/comments" for 127.0.0.1 at 2017-05-24 16:24:51 +0900
Processing by Api::CommentsController#index as HTML
  [1m[36mComment Load (0.3ms)[0m  [1m[34mSELECT "comments".* FROM "comments"[0m
Completed 200 OK in 2ms (Views: 0.1ms | ActiveRecord: 0.3ms)


Started GET "/api/comments" for 127.0.0.1 at 2017-05-24 16:24:53 +0900
Processing by Api::CommentsController#index as HTML
  [1m[36mComment Load (0.2ms)[0m  [1m[34mSELECT "comments".* FROM "comments"[0m
Completed 200 OK in 3ms (Views: 0.1ms | ActiveRecord: 0.2ms)


Started GET "/api/comments" for 127.0.0.1 at 2017-05-24 16:24:55 +0900
Processing by Api::CommentsController#index as HTML
  [1m[36mComment Load (0.2ms)[0m  [1m[34mSELECT "comments".* FROM "comments"[0m
Completed 200 OK in 3ms (Views: 0.2ms | ActiveRecord: 0.2ms)


Started GET "/api/comments" for 127.0.0.1 at 2017-05-24 16:24:57 +0900
Processing by Api::CommentsController#index as HTML
  [1m[36mComment Load (0.2ms)[0m  [1m[34mSELECT "comments".* FROM "comments"[0m
Completed 200 OK in 5ms (Views: 0.1ms | ActiveRecord: 0.2ms)


Started GET "/api/comments" for 127.0.0.1 at 2017-05-24 16:24:59 +0900
Processing by Api::CommentsController#index as HTML
  [1m[36mComment Load (0.2ms)[0m  [1m[34mSELECT "comments".* FROM "comments"[0m
Completed 200 OK in 2ms (Views: 0.1ms | ActiveRecord: 0.2ms)


Started GET "/api/comments" for 127.0.0.1 at 2017-05-24 16:25:01 +0900
Processing by Api::CommentsController#index as HTML
  [1m[36mComment Load (0.2ms)[0m  [1m[34mSELECT "comments".* FROM "comments"[0m
Completed 200 OK in 2ms (Views: 0.1ms | ActiveRecord: 0.2ms)


Started GET "/api/comments" for 127.0.0.1 at 2017-05-24 16:25:03 +0900
Processing by Api::CommentsController#index as HTML
  [1m[36mComment Load (0.2ms)[0m  [1m[34mSELECT "comments".* FROM "comments"[0m
Completed 200 OK in 4ms (Views: 1.5ms | ActiveRecord: 0.2ms)


Started GET "/api/comments" for 127.0.0.1 at 2017-05-24 16:25:05 +0900
Processing by Api::CommentsController#index as HTML
  [1m[36mComment Load (0.2ms)[0m  [1m[34mSELECT "comments".* FROM "comments"[0m
Completed 200 OK in 2ms (Views: 0.1ms | ActiveRecord: 0.2ms)


Started GET "/api/comments" for 127.0.0.1 at 2017-05-24 16:25:07 +0900
Processing by Api::CommentsController#index as HTML
  [1m[36mComment Load (0.2ms)[0m  [1m[34mSELECT "comments".* FROM "comments"[0m
Completed 200 OK in 3ms (Views: 0.1ms | ActiveRecord: 0.2ms)


Started GET "/api/comments" for 127.0.0.1 at 2017-05-24 16:25:09 +0900
Processing by Api::CommentsController#index as HTML
  [1m[36mComment Load (0.2ms)[0m  [1m[34mSELECT "comments".* FROM "comments"[0m
Completed 200 OK in 3ms (Views: 0.1ms | ActiveRecord: 0.2ms)


Started GET "/api/comments" for 127.0.0.1 at 2017-05-24 16:25:11 +0900
Processing by Api::CommentsController#index as HTML
  [1m[36mComment Load (0.2ms)[0m  [1m[34mSELECT "comments".* FROM "comments"[0m
Completed 200 OK in 2ms (Views: 0.1ms | ActiveRecord: 0.2ms)


Started GET "/api/comments" for 127.0.0.1 at 2017-05-24 16:25:13 +0900
Processing by Api::CommentsController#index as HTML
  [1m[36mComment Load (0.3ms)[0m  [1m[34mSELECT "comments".* FROM "comments"[0m
Completed 200 OK in 3ms (Views: 0.2ms | ActiveRecord: 0.3ms)


Started GET "/api/comments" for 127.0.0.1 at 2017-05-24 16:25:15 +0900
Processing by Api::CommentsController#index as HTML
  [1m[36mComment Load (0.2ms)[0m  [1m[34mSELECT "comments".* FROM "comments"[0m
Completed 200 OK in 2ms (Views: 0.1ms | ActiveRecord: 0.2ms)


Started GET "/api/comments" for 127.0.0.1 at 2017-05-24 16:25:17 +0900
Processing by Api::CommentsController#index as HTML
  [1m[36mComment Load (0.3ms)[0m  [1m[34mSELECT "comments".* FROM "comments"[0m
Completed 200 OK in 2ms (Views: 0.1ms | ActiveRecord: 0.3ms)


Started GET "/api/comments" for 127.0.0.1 at 2017-05-24 16:25:19 +0900
Processing by Api::CommentsController#index as HTML
  [1m[36mComment Load (0.2ms)[0m  [1m[34mSELECT "comments".* FROM "comments"[0m
Completed 200 OK in 2ms (Views: 0.1ms | ActiveRecord: 0.2ms)


Started GET "/api/comments" for 127.0.0.1 at 2017-05-24 16:25:21 +0900
Processing by Api::CommentsController#index as HTML
  [1m[36mComment Load (0.2ms)[0m  [1m[34mSELECT "comments".* FROM "comments"[0m
Completed 200 OK in 2ms (Views: 0.1ms | ActiveRecord: 0.2ms)


Started GET "/api/comments" for 127.0.0.1 at 2017-05-24 16:25:23 +0900
Processing by Api::CommentsController#index as HTML
  [1m[36mComment Load (0.3ms)[0m  [1m[34mSELECT "comments".* FROM "comments"[0m
Completed 200 OK in 2ms (Views: 0.1ms | ActiveRecord: 0.3ms)


Started GET "/api/comments" for 127.0.0.1 at 2017-05-24 16:25:25 +0900
Processing by Api::CommentsController#index as HTML
  [1m[36mComment Load (0.2ms)[0m  [1m[34mSELECT "comments".* FROM "comments"[0m
Completed 200 OK in 3ms (Views: 0.1ms | ActiveRecord: 0.2ms)


Started GET "/api/comments" for 127.0.0.1 at 2017-05-24 16:25:27 +0900
Processing by Api::CommentsController#index as HTML
  [1m[36mComment Load (0.2ms)[0m  [1m[34mSELECT "comments".* FROM "comments"[0m
Completed 200 OK in 6ms (Views: 0.1ms | ActiveRecord: 0.2ms)


Started GET "/api/comments" for 127.0.0.1 at 2017-05-24 16:25:29 +0900
Processing by Api::CommentsController#index as HTML
  [1m[36mComment Load (0.2ms)[0m  [1m[34mSELECT "comments".* FROM "comments"[0m
Completed 200 OK in 3ms (Views: 0.1ms | ActiveRecord: 0.2ms)


Started GET "/api/comments" for 127.0.0.1 at 2017-05-24 16:25:31 +0900
Processing by Api::CommentsController#index as HTML
  [1m[36mComment Load (0.2ms)[0m  [1m[34mSELECT "comments".* FROM "comments"[0m
Completed 200 OK in 5ms (Views: 0.1ms | ActiveRecord: 0.2ms)


Started GET "/api/comments" for 127.0.0.1 at 2017-05-24 16:25:33 +0900
Processing by Api::CommentsController#index as HTML
  [1m[36mComment Load (0.2ms)[0m  [1m[34mSELECT "comments".* FROM "comments"[0m
Completed 200 OK in 2ms (Views: 0.1ms | ActiveRecord: 0.2ms)


Started GET "/api/comments" for 127.0.0.1 at 2017-05-24 16:25:35 +0900
Processing by Api::CommentsController#index as HTML
  [1m[36mComment Load (0.2ms)[0m  [1m[34mSELECT "comments".* FROM "comments"[0m
Completed 200 OK in 2ms (Views: 0.1ms | ActiveRecord: 0.2ms)


Started GET "/api/comments" for 127.0.0.1 at 2017-05-24 16:25:37 +0900
Processing by Api::CommentsController#index as HTML
  [1m[36mComment Load (0.6ms)[0m  [1m[34mSELECT "comments".* FROM "comments"[0m
Completed 200 OK in 4ms (Views: 0.1ms | ActiveRecord: 0.6ms)


Started GET "/api/comments" for 127.0.0.1 at 2017-05-24 16:25:39 +0900
Processing by Api::CommentsController#index as HTML
  [1m[36mComment Load (0.3ms)[0m  [1m[34mSELECT "comments".* FROM "comments"[0m
Completed 200 OK in 2ms (Views: 0.1ms | ActiveRecord: 0.3ms)


Started GET "/api/comments" for 127.0.0.1 at 2017-05-24 16:25:41 +0900
Processing by Api::CommentsController#index as HTML
  [1m[36mComment Load (0.2ms)[0m  [1m[34mSELECT "comments".* FROM "comments"[0m
Completed 200 OK in 3ms (Views: 0.1ms | ActiveRecord: 0.2ms)


Started GET "/api/comments" for 127.0.0.1 at 2017-05-24 16:25:43 +0900
Processing by Api::CommentsController#index as HTML
  [1m[36mComment Load (0.2ms)[0m  [1m[34mSELECT "comments".* FROM "comments"[0m
Completed 200 OK in 2ms (Views: 0.1ms | ActiveRecord: 0.2ms)


Started GET "/api/comments" for 127.0.0.1 at 2017-05-24 16:25:45 +0900
Processing by Api::CommentsController#index as HTML
  [1m[36mComment Load (0.2ms)[0m  [1m[34mSELECT "comments".* FROM "comments"[0m
Completed 200 OK in 3ms (Views: 0.1ms | ActiveRecord: 0.2ms)


Started GET "/api/comments" for 127.0.0.1 at 2017-05-24 16:25:47 +0900
Processing by Api::CommentsController#index as HTML
  [1m[36mComment Load (0.2ms)[0m  [1m[34mSELECT "comments".* FROM "comments"[0m
Completed 200 OK in 2ms (Views: 0.1ms | ActiveRecord: 0.2ms)


Started GET "/api/comments" for 127.0.0.1 at 2017-05-24 16:25:49 +0900
Processing by Api::CommentsController#index as HTML
  [1m[36mComment Load (0.2ms)[0m  [1m[34mSELECT "comments".* FROM "comments"[0m
Completed 200 OK in 3ms (Views: 0.1ms | ActiveRecord: 0.2ms)


Started GET "/api/comments" for 127.0.0.1 at 2017-05-24 16:25:51 +0900
Processing by Api::CommentsController#index as HTML
  [1m[36mComment Load (0.2ms)[0m  [1m[34mSELECT "comments".* FROM "comments"[0m
Completed 200 OK in 2ms (Views: 0.2ms | ActiveRecord: 0.2ms)


Started GET "/api/comments" for 127.0.0.1 at 2017-05-24 16:25:53 +0900
Processing by Api::CommentsController#index as HTML
  [1m[36mComment Load (0.3ms)[0m  [1m[34mSELECT "comments".* FROM "comments"[0m
Completed 200 OK in 3ms (Views: 0.2ms | ActiveRecord: 0.3ms)


Started GET "/api/comments" for 127.0.0.1 at 2017-05-24 16:25:55 +0900
Processing by Api::CommentsController#index as HTML
  [1m[36mComment Load (0.2ms)[0m  [1m[34mSELECT "comments".* FROM "comments"[0m
Completed 200 OK in 3ms (Views: 0.2ms | ActiveRecord: 0.2ms)


Started GET "/api/comments" for 127.0.0.1 at 2017-05-24 16:25:58 +0900
Processing by Api::CommentsController#index as HTML
  [1m[36mComment Load (0.8ms)[0m  [1m[34mSELECT "comments".* FROM "comments"[0m
Completed 200 OK in 4ms (Views: 0.1ms | ActiveRecord: 0.8ms)


Started GET "/api/comments" for 127.0.0.1 at 2017-05-24 16:25:59 +0900
Processing by Api::CommentsController#index as HTML
  [1m[36mComment Load (0.3ms)[0m  [1m[34mSELECT "comments".* FROM "comments"[0m
Completed 200 OK in 3ms (Views: 0.3ms | ActiveRecord: 0.3ms)


Started GET "/api/comments" for 127.0.0.1 at 2017-05-24 16:26:02 +0900
Processing by Api::CommentsController#index as HTML
  [1m[36mComment Load (0.2ms)[0m  [1m[34mSELECT "comments".* FROM "comments"[0m
Completed 200 OK in 2ms (Views: 0.1ms | ActiveRecord: 0.2ms)


Started GET "/api/comments" for 127.0.0.1 at 2017-05-24 16:26:03 +0900
Processing by Api::CommentsController#index as HTML
  [1m[36mComment Load (0.2ms)[0m  [1m[34mSELECT "comments".* FROM "comments"[0m
Completed 200 OK in 2ms (Views: 0.2ms | ActiveRecord: 0.2ms)


Started GET "/api/comments" for 127.0.0.1 at 2017-05-24 16:26:05 +0900
Processing by Api::CommentsController#index as HTML
  [1m[36mComment Load (0.3ms)[0m  [1m[34mSELECT "comments".* FROM "comments"[0m
Completed 200 OK in 3ms (Views: 0.2ms | ActiveRecord: 0.3ms)


Started GET "/api/comments" for 127.0.0.1 at 2017-05-24 16:26:07 +0900
Processing by Api::CommentsController#index as HTML
  [1m[36mComment Load (0.3ms)[0m  [1m[34mSELECT "comments".* FROM "comments"[0m
Completed 200 OK in 3ms (Views: 0.1ms | ActiveRecord: 0.2ms)


Started GET "/api/comments" for 127.0.0.1 at 2017-05-24 16:26:09 +0900
Processing by Api::CommentsController#index as HTML
  [1m[36mComment Load (0.2ms)[0m  [1m[34mSELECT "comments".* FROM "comments"[0m
Completed 200 OK in 2ms (Views: 0.1ms | ActiveRecord: 0.2ms)


Started GET "/api/comments" for 127.0.0.1 at 2017-05-24 16:26:11 +0900
Processing by Api::CommentsController#index as HTML
  [1m[36mComment Load (0.3ms)[0m  [1m[34mSELECT "comments".* FROM "comments"[0m
Completed 200 OK in 3ms (Views: 0.1ms | ActiveRecord: 0.3ms)


Started GET "/api/comments" for 127.0.0.1 at 2017-05-24 16:26:13 +0900
Processing by Api::CommentsController#index as HTML
  [1m[36mComment Load (0.2ms)[0m  [1m[34mSELECT "comments".* FROM "comments"[0m
Completed 200 OK in 2ms (Views: 0.1ms | ActiveRecord: 0.2ms)


Started GET "/api/comments" for 127.0.0.1 at 2017-05-24 16:26:15 +0900
Processing by Api::CommentsController#index as HTML
  [1m[36mComment Load (0.3ms)[0m  [1m[34mSELECT "comments".* FROM "comments"[0m
Completed 200 OK in 3ms (Views: 0.2ms | ActiveRecord: 0.3ms)


Started GET "/api/comments" for 127.0.0.1 at 2017-05-24 16:26:17 +0900
Processing by Api::CommentsController#index as HTML
  [1m[36mComment Load (0.2ms)[0m  [1m[34mSELECT "comments".* FROM "comments"[0m
Completed 200 OK in 2ms (Views: 0.2ms | ActiveRecord: 0.2ms)


Started GET "/api/comments" for 127.0.0.1 at 2017-05-24 16:26:19 +0900
Processing by Api::CommentsController#index as HTML
  [1m[36mComment Load (0.2ms)[0m  [1m[34mSELECT "comments".* FROM "comments"[0m
Completed 200 OK in 4ms (Views: 0.2ms | ActiveRecord: 0.2ms)


Started GET "/api/comments" for 127.0.0.1 at 2017-05-24 16:26:22 +0900
Processing by Api::CommentsController#index as HTML
  [1m[36mComment Load (0.2ms)[0m  [1m[34mSELECT "comments".* FROM "comments"[0m
Completed 200 OK in 3ms (Views: 0.1ms | ActiveRecord: 0.2ms)


Started GET "/api/comments" for 127.0.0.1 at 2017-05-24 16:26:24 +0900
Processing by Api::CommentsController#index as HTML
  [1m[36mComment Load (0.2ms)[0m  [1m[34mSELECT "comments".* FROM "comments"[0m
Completed 200 OK in 2ms (Views: 0.1ms | ActiveRecord: 0.2ms)


Started GET "/api/comments" for 127.0.0.1 at 2017-05-24 16:26:25 +0900
Processing by Api::CommentsController#index as HTML
  [1m[36mComment Load (0.3ms)[0m  [1m[34mSELECT "comments".* FROM "comments"[0m
Completed 200 OK in 36ms (Views: 0.3ms | ActiveRecord: 0.3ms)


Started GET "/api/comments" for 127.0.0.1 at 2017-05-24 16:26:28 +0900
Processing by Api::CommentsController#index as HTML
  [1m[36mComment Load (0.7ms)[0m  [1m[34mSELECT "comments".* FROM "comments"[0m
Completed 200 OK in 3ms (Views: 0.1ms | ActiveRecord: 0.7ms)


Started GET "/api/comments" for 127.0.0.1 at 2017-05-24 16:26:29 +0900
Processing by Api::CommentsController#index as HTML
  [1m[36mComment Load (0.2ms)[0m  [1m[34mSELECT "comments".* FROM "comments"[0m
Completed 200 OK in 2ms (Views: 0.1ms | ActiveRecord: 0.2ms)


